[]
['[%s] ', '  ', '%s  ', '任务标记为 ', '%s  ', '在里面 ', '%s ']
['消息 ']
['任务列表 ']
['任务 ']
['文件 ']
['[%s] ', '[%s] ', '新评论： ', '%s ']
['[%s] ', '[%s] ', '新消息： ', '%s ']
['[%s] ', '新项目邀请： ', '%s ']
['[%s] ', '[%s] ', '分配的新任务： ', '%s ']
['[%s] ', '[%s] ', '更新评论： ', '%s ']
['[%s] ', '更新项目： ', '%s ']
['[%s] ', '[%s] ', '更新分配的任务： ', '%s ']
['你没有权限。 ']
['您没有更改任务状态的权限。 ']
['您没有创建邮件的权限。 ']
['您没有创建项目的权限。 ']
[]
['<strong> ', '需要wp项目经理数据更新 ', '</strong> ', '需要wp项目经理数据更新 ', '  ', '–拜托 ']
['单击下面的按钮更新到最新版本。 ']
['运行更新 ']
['阅读更多 ']
[]
['强烈建议在继续之前备份数据库。 ']
['您确定要立即运行更新程序吗？ ']
['允许的文件 ']
['每 ', '%d  ', '分钟PM计划 ']
['<h2> ', 'wp project manager pro需要2.0或更高版本。 ', '</span> ', '</h2> ']
['<p> ', '要迁移2.0版，请阅读mmigration文档 ', '</p> ']
['阅读文档 ']
['专业版 ']
['设置 ']
['文档 ']
['项目经理 ']
['项目 ']
['类别 ']
['我的任务 ']
['日历 ']
['报告 ']
['进展 ']
['经理 ']
['经理是管理项目的人。 ']
['同事 ']
['同事是在一个项目下工作的人。 ']
['类别标题是必需的。 ']
['类别ID是必需的。 ']
['类别ID必须大于零 ']
['注释标题是必需的。 ']
['项目ID是必需的。 ']
['注释id是必需的。 ']
['注释ID必须大于零 ']
['讨论标题是必需的。 ']
['讨论标题是必需的。 ']
['讨论id是必需的。 ']
['讨论ID必须大于零 ']
['找不到文件 ']
['我是米舒 ']
['需要里程碑标题。 ']
['需要里程碑id。 ']
['里程碑ID必须大于零 ']
['项目名称是必需的。 ']
['项目ID必须大于零 ']
['角色标题是必需的。 ']
['角色id是必需的。 ']
['角色ID必须大于零 ']
['任务标题是必需的。 ']
['任务id是必需的。 ']
['任务ID必须大于零 ']
['任务列表标题是必需的。 ']
['任务列表ID是必需的。 ']
['任务列表id必须大于零 ']
['%1$s  ', '已创建名为的项目 ', '%2 ', '$s ']
['%1$s  ', '已从更新项目标题\\ ', '"%2$s\\" ', '到\\ ', '"%3$s\\" ', '. ']
['%1$s  ', '已更新 ', '%2$s  ', '项目说明。 ']
['%1$s  ', '已从更新项目状态\\ ', '"%2$s\\" ', '到\\ ', '"%3$s\\" ', '. ']
['%1$s  ', '已从更新项目预算\\ ', '"%2$s\\" ', '到\\ ', '"%3$s\\" ', '. ']
['%1$s  ', '已从更新项目付款率\\ ', '"%2$s\\" ', '到\\ ', '"%3$s\\" ', '. ']
['%1$s  ', '已从更新项目est完成日期\\ ', '"%2$s\\" ', '到\\ ', '"%3$s\\" ', '. ']
['%1$s  ', '已从更新项目颜色代码\\ ', '"%2$s\\" ', '到\\ ', '"%3$s\\" ', '. ']
['%1$s  ', '已经创建了一个名为 ', '%2 ', '$s ', '. ']
[]
['%1$s  ', '已从更新讨论板的标题\\ ', '"%2$s\\" ', '到\\ ', '"%3$s\\" ', '. ']
['%1$s  ', '更新了讨论板的说明， ', '%2 ', '$s ', '. ']
['%1$s  ', '更新了讨论板的顺序， ', '%2 ', '$s ', '. ']
['%1$s  ', '已创建名为的任务列表 ', '%2 ', '$s ', '. ']
['%1$s  ', '已从更新任务列表的标题\\ ', '"%2$s\\" ', '到\\ ', '"%3$s\\" ', '. ']
['%1$s  ', '已更新任务列表的说明， ', '%2 ', '$s ', '. ']
['%1$s  ', '已更新任务列表的顺序， ', '%2 ', '$s ', '. ']
['%1$s  ', '创造了一个里程碑， ', '%2 ', '$s ', '. ']
['%1$s  ', '已从更新里程碑的标题\\ ', '"%2$s\\" ', '到\\ ', '"%3$s\\" ', '. ']
['%1$s  ', '更新了里程碑的描述， ', '%2 ', '$s ', '. ']
['%1$s  ', '更新了里程碑的顺序， ', '%2 ', '$s ', '. ']
['%1$s  ', '已经创建了一个任务， ', '%2 ', '$s ', '. ']
['%1$s  ', '已从更新任务的标题\\ ', '"%2$s\\" ', '到\\ ', '"%3$s\\" ', '. ']
['%1$s  ', '已更新任务的说明， ', '%2 ', '$s ', '. ']
['%1$s  ', '更新了任务的估计， ', '%2$s,  ', '从 ', '%3$s  ', '到 ', '%4 ', '$s ', '. ']
['%1$s  ', '已更新任务的开始日期， ', '%2$s,  ', '从 ', '%3$s  ', '到 ', '%4 ', '$s ', '. ']
['%1$s  ', '已更新任务的到期日期， ', '%2$s,  ', '从 ', '%3$s  ', '到 ', '%4 ', '$s ', '. ']
['%1$s  ', '已经更新了任务的复杂性， ', '%2$s,  ', '从 ', '%3$s  ', '到 ', '%4 ', '$s ', '. ']
['%1$s  ', '已更新任务的优先级， ', '%2$s,  ', '从 ', '%3$s  ', '到 ', '%4 ', '$s ', '. ']
['%1$s  ', '已更新任务的应付状态， ', '%2$s,  ', '从 ', '%3$s  ', '到 ', '%4 ', '$s ', '. ']
['%1$s  ', '更新了任务的重复性， ', '%2$s,  ', '从 ', '%3$s  ', '到 ', '%4 ', '$s ', '. ']
['%1$s  ', '已更新任务的状态， ', '%2$s,  ', '从 ', '%3$s  ', '到 ', '%4 ', '$s ', '. ']
['%1$s  ', '对任务发表了评论， ', '%2 ', '$s ', '. ']
['%1$s  ', '更新了对任务的评论， ', '%2 ', '$s ', '. ']
['%1$s  ', '已经回复了对任务的评论， ', '%2 ', '$s ']
['%1$s  ', '已更新任务的答复注释， ', '%2 ', '$s ', '. ']
['%1$s  ', '对任务列表发表了评论， ', '%2 ', '$s ', '. ']
['%1$s  ', '已更新任务列表上的注释， ', '%2 ', '$s ', '. ']
['%1$s  ', '已回复对任务列表的评论， ', '%2 ', '$s ']
['%1$s  ', '已更新任务列表上的答复注释， ', '%2 ', '$s ', '. ']
['%1$s  ', '在讨论板上发表了评论， ', '%2 ', '$s ', '. ']
['%1$s  ', '更新了讨论板上的评论， ', '%2 ', '$s ', '. ']
['%1$s  ', '已经在讨论板上回复了评论， ', '%2 ', '$s ']
['%1$s  ', '更新了讨论板上的回复评论， ', '%2 ', '$s ', '. ']
['%1$s  ', '对一个里程碑发表了评论， ', '%2 ', '$s ', '. ']
['%1$s  ', '更新了对里程碑的评论， ', '%2 ', '$s ', '. ']
['%1$s  ', '已经回复了对里程碑的评论， ', '%2 ', '$s ']
['%1$s  ', '更新了对里程碑的回复评论， ', '%2 ', '$s ', '. ']
['%1$s  ', '对项目发表了评论， ', '%2 ', '$s ', '. ']
['%1$s  ', '更新了对项目的评论， ', '%2 ', '$s ', '. ']
['%1$s  ', '已回复对该项目的评论， ', '%2 ', '$s ']
['%1$s  ', '已更新对项目的答复评论， ', '%2 ', '$s ', '. ']
['%1$s  ', '对文件发表了评论， ', '%2 ', '$s ', '. ']
['%1$s  ', '更新了对文件的评论， ', '%2 ', '$s ', '. ']
['%1$s  ', '已经回复了对文件的评论， ', '%2 ', '$s ']
['%1$s  ', '已更新对文件的答复注释， ', '%2 ', '$s ', '. ']
['%1$s  ', '从中复制了项目， ', '%2 ', '$s ', '. ']
['项目 ']
['讨论板 ']
['任务列表 ']
['任务 ']
['里程碑 ']
['评论 ']
['文件 ']
['已成功创建项目。 ']
['已成功更新项目。 ']
['已成功删除项目。 ']
['已成功创建类别。 ']
['已成功更新类别。 ']
['已成功删除类别。 ']
['已成功删除所有选定的类别。 ']
['评论成功。 ']
['已成功更新评论。 ']
['已成功删除评论。 ']
['已成功创建新讨论。 ']
['已成功更新讨论。 ']
['已成功删除讨论。 ']
['已成功创建新里程碑。 ']
['已成功更新里程碑。 ']
['已成功删除里程碑。 ']
['已成功创建新任务列表。 ']
['任务列表已成功更新。 ']
['任务列表已成功删除。 ']
['已成功创建新任务。 ']
['任务已成功更新。 ']
['任务已成功删除。 ']
['设置已成功更改。 ']
['找不到元素 ']
['找不到项目 ']
['任务标记为已完成 ']
['任务重新打开 ']
['每 ', '%d  ', '分钟 ']
['你确定！ ']
['确定要删除此项目吗？ ']
['写评论… ']
['更新说明 ']
['添加新的评论 ']
['更新注释 ']
['特克斯塔利亚 ']
['形式 ']
['分区 ']
['跨度 ']
['输入 ']
['你确定！要删除此里程碑吗？ ']
['确定要删除此评论吗？ ']
['添加新类别 ']
['更新类别 ']
['项目行动 ']
['概述 ']
['活动 ']
['讨论 ']
['任务列表 ']
['里程碑 ']
['文件夹 ']
['编辑 ']
['删除此邮件 ']
['保密 ']
['输入邮件标题 ']
['添加消息 ']
['更新消息 ']
['启动新项目 ']
['项目名称 ']
['项目的一些细节（可选） ']
['键入3个或更多字符以搜索用户。。。 ']
['创建新用户 ']
['添加新项目 ']
['更新项目 ']
['创建用户 ']
['列表视图 ']
['网格视图 ']
['编辑里程碑 ']
['删除里程碑 ']
['标记为不完整 ']
['标记为完成 ']
['到期日 ']
['里程碑名称 ']
['添加里程碑 ']
['更新里程碑 ']
['添加新任务 ']
['添加有关此任务的其他详细信息（可选） ']
['开始日期 ']
['选择用户 ']
['更新任务 ']
['添加任务 ']
['估计完成任务的小时数 ']
['任务列表名称 ']
['任务列表详细信息 ']
['更新列表 ']
['添加列表 ']
['删除列表 ']
['保存更改 ']
['找不到用户。 ']
['活动 ']
['UL ']
[]
['路由器视图 ']
['svg格式 ']
['Vue内容加载 ']
['姓名 ']
['说明 ']
['选择批量操作 ']
['批量操作 ']
['删除 ']
['选择全部 ']
['快速编辑 ']
['取消 ']
['选择颜色 ']
['清除 ']
['关闭 ']
['删除文件 ']
['附加 ']
['选择文件 ']
['从你的电脑。 ']
['完整的 ']
['不完整 ']
['完成 ']
['恢复 ']
['通知用户 ']
['载入更多… ']
['无活动喷泉 ']
[]
['使用我们内置的讨论面板创建一个开放的讨论组 ']
['讨论或私人谈话注意，管理员可以始终 ']
['缓和这些讨论。 ']
['添加新讨论 ']
['创建新邮件 ']
['何时使用讨论？ ']
['私下讨论工作问题。 ']
['私下交换文件。 ']
['分组讨论 ']
['创建对所有人都可见的开放式讨论。 ']
['讨论表 ']
['由 ']
['在 ']
['评论 ']
['-里程碑- ']
['附加到 ']
['通过 ']
['管理员 ']
['找不到结果！ ']
['-项目类别- ']
['通知同事 ']
['活跃的 ']
['全部 ']
['新建项目 ']
['用户名 ']
['名字 ']
['姓 ']
['电子邮件 ']
['找不到项目。 ']
['任务 ']
['完成的里程碑 ']
['完成时间： ']
['后期里程碑 ']
[]
['使用里程碑创建项目的生命周期时间标记 ']
['项目的不同阶段有多个里程碑，而且 ']
['帮助指定人员确定完成项目的日期 ']
['去那些台阶。 ']
['何时使用里程碑？ ']
['为整个项目设置目标日期。 ']
['把一个项目分成几个开发阶段。 ']
['及时协调项目和指定人员。 ']
['即将到来的里程碑 ']
['左- ']
['最近三十天 ']
['用户 ']
[]
['可以使用任务列表在单个讨论中列出所有任务。使用 ']
['这些列表将一个项目分成几个部分，指派合作者和 ']
['检查进度。 ']
['何时使用任务列表？ ']
['对项目内部进行分区。 ']
['以标记里程碑点。 ']
['将人员分配给任务。 ']
['讨论此任务列表 ']
['找不到任务。 ']
['更多任务 ']
['新建任务列表 ']
['未完成的任务 ']
['已完成的任务 ']
['返回任务列表 ']
['Shift+Enter换行 ']
['讨论这个任务 ']
['电子邮件设置 ']
['从电子邮件 ']
['电子邮件中的链接 ']
['链接到后端 ']
[]
['选择要将用户带到的位置。通知电子邮件包含链接。 ']
['电子邮件类型 ']
['HTML邮件 ']
['纯文本 ']
['通过密件抄送发送电子邮件 ']
['启用密件抄送 ']
['常规设置 ']
['文件上载限制 ']
['文件大小（兆字节）。例：2 ']
['每页项目数 ']
['-1代表无限 ']
['每页任务列表 ']
['每页未完成的任务 ']
['每页完成的任务 ']
['项目管理能力 ']
['选择可以查看和管理所有项目的用户角色。 ']
['项目创建能力 ']
['任务状态已更改 ']
['更改者 ']
['到期日 ']
['开始于 ']
['查看任务 ']
['新评论 ']
['评论人 ']
['打开（放） ']
['查看评论 ']
['新消息 ']
['消息创建者 ']
['标题 ']
['查看消息 ']
['项目创建人 ']
['你好 ']
['您被分配到一个新项目\\ ', '"%s\\" ', '通过 ', '%s ', '. ']
['你可以在这里看到这个项目： ']
['查看项目 ']
['新任务已分配给您 ']
['创建人 ']
['项目更新者 ']
['你被分配到一个项目\\ ', '"%s\\" ', '通过 ', '%s ', '. ']
['更新任务已分配给您 ']
['更新由 ']
['你在评论中被提到 ']
['请点击下面的链接查看评论。 ']
['风力发电项目经理 ']
['https://wedevs.com/wp-project-manager-pro/ ']
[]
['WordPress项目管理插件管理项目和任务，获取 ']
['事情已经过去了。 ']
['电火花线切割 ']
['http://www.google.com/sea….tin round+rock+texas网站 ']
